2020-09-15 08:41:52.069  INFO 10696 --- [main] c.c.c.ConfigServicePropertySourceLocator : Fetching config from server at : http://localhost:8888
2020-09-15 08:41:58.381  INFO 10696 --- [main] c.c.c.ConfigServicePropertySourceLocator : Located environment: name=employee-service, profiles=[default], label=null, version=3891cb6d7a884832829f31cd5038f7012fa31843, state=null
2020-09-15 08:41:58.387  INFO 10696 --- [main] b.c.PropertySourceBootstrapConfiguration : Located property source: [BootstrapPropertySource {name='bootstrapProperties-configClient'}, BootstrapPropertySource {name='bootstrapProperties-https://github.com/PRATHYUSHA0805/PrathyushaGitRepoMVC/application.properties'}, BootstrapPropertySource {name='bootstrapProperties-https://github.com/PRATHYUSHA0805/PrathyushaGitRepoMVC/application.yml'}]
2020-09-15 08:41:58.510  INFO 10696 --- [main] i.p.e.EmployeeServiceApplication         : No active profile set, falling back to default profiles: default
2020-09-15 08:41:59.670  INFO 10696 --- [main] .s.d.r.c.RepositoryConfigurationDelegate : Bootstrapping Spring Data JPA repositories in DEFERRED mode.
2020-09-15 08:41:59.995  INFO 10696 --- [main] .s.d.r.c.RepositoryConfigurationDelegate : Finished Spring Data repository scanning in 308ms. Found 1 JPA repository interfaces.
2020-09-15 08:42:00.218  WARN 10696 --- [main] o.s.boot.actuate.endpoint.EndpointId     : Endpoint ID 'service-registry' contains invalid characters, please migrate to a valid format.
2020-09-15 08:42:00.483  INFO 10696 --- [main] o.s.cloud.context.scope.GenericScope     : BeanFactory id=ae17dd9b-1ba4-3ea5-bf0f-262a0606e53b
2020-09-15 08:42:02.147  INFO 10696 --- [main] o.s.b.w.embedded.tomcat.TomcatWebServer  : Tomcat initialized with port(s): 8087 (http)
2020-09-15 08:42:02.167  INFO 10696 --- [main] o.apache.catalina.core.StandardService   : Starting service [Tomcat]
2020-09-15 08:42:02.168  INFO 10696 --- [main] org.apache.catalina.core.StandardEngine  : Starting Servlet engine: [Apache Tomcat/9.0.37]
2020-09-15 08:42:02.460  INFO 10696 --- [main] o.a.c.c.C.[Tomcat].[localhost].[/]       : Initializing Spring embedded WebApplicationContext
2020-09-15 08:42:02.462  INFO 10696 --- [main] w.s.c.ServletWebServerApplicationContext : Root WebApplicationContext: initialization completed in 3903 ms
2020-09-15 08:42:02.684  WARN 10696 --- [main] c.n.c.sources.URLConfigurationSource     : No URLs will be polled as dynamic configuration sources.
2020-09-15 08:42:02.684  INFO 10696 --- [main] c.n.c.sources.URLConfigurationSource     : To enable URLs as dynamic configuration sources, define System property archaius.configurationSource.additionalUrls or make config.properties available on classpath.
2020-09-15 08:42:02.717  INFO 10696 --- [main] c.netflix.config.DynamicPropertyFactory  : DynamicPropertyFactory is initialized with configuration sources: com.netflix.config.ConcurrentCompositeConfiguration@25a94b55
2020-09-15 08:42:03.173  INFO 10696 --- [main] o.s.s.concurrent.ThreadPoolTaskExecutor  : Initializing ExecutorService 'applicationTaskExecutor'
2020-09-15 08:42:03.380  INFO 10696 --- [task-1] o.hibernate.jpa.internal.util.LogHelper  : HHH000204: Processing PersistenceUnitInfo [name: default]
2020-09-15 08:42:03.627  INFO 10696 --- [task-1] org.hibernate.Version                    : HHH000412: Hibernate ORM core version 5.4.20.Final
2020-09-15 08:42:03.663  WARN 10696 --- [main] c.n.c.sources.URLConfigurationSource     : No URLs will be polled as dynamic configuration sources.
2020-09-15 08:42:03.663  INFO 10696 --- [main] c.n.c.sources.URLConfigurationSource     : To enable URLs as dynamic configuration sources, define System property archaius.configurationSource.additionalUrls or make config.properties available on classpath.
2020-09-15 08:42:03.811  WARN 10696 --- [main] JpaBaseConfiguration$JpaWebConfiguration : spring.jpa.open-in-view is enabled by default. Therefore, database queries may be performed during view rendering. Explicitly configure spring.jpa.open-in-view to disable this warning
2020-09-15 08:42:04.204  INFO 10696 --- [task-1] o.hibernate.annotations.common.Version   : HCANN000001: Hibernate Commons Annotations {5.1.0.Final}
2020-09-15 08:42:04.564  INFO 10696 --- [task-1] com.zaxxer.hikari.HikariDataSource       : HikariPool-1 - Starting...
2020-09-15 08:42:04.601  WARN 10696 --- [task-1] com.zaxxer.hikari.util.DriverDataSource  : Registered driver with driverClassName=com.mysql.jdbc.Driver was not found, trying direct instantiation.
2020-09-15 08:42:05.007  INFO 10696 --- [task-1] com.zaxxer.hikari.HikariDataSource       : HikariPool-1 - Start completed.
2020-09-15 08:42:05.050  INFO 10696 --- [task-1] org.hibernate.dialect.Dialect            : HHH000400: Using dialect: org.hibernate.dialect.MySQL5Dialect
2020-09-15 08:42:06.901  INFO 10696 --- [task-1] o.h.e.t.j.p.i.JtaPlatformInitiator       : HHH000490: Using JtaPlatform implementation: [org.hibernate.engine.transaction.jta.platform.internal.NoJtaPlatform]
2020-09-15 08:42:06.914  INFO 10696 --- [task-1] j.LocalContainerEntityManagerFactoryBean : Initialized JPA EntityManagerFactory for persistence unit 'default'
2020-09-15 08:42:07.502  WARN 10696 --- [main] ockingLoadBalancerClientRibbonWarnLogger : You already have RibbonLoadBalancerClient on your classpath. It will be used by default. As Spring Cloud Ribbon is in maintenance mode. We recommend switching to BlockingLoadBalancerClient instead. In order to use it, set the value of `spring.cloud.loadbalancer.ribbon.enabled` to `false` or remove spring-cloud-starter-netflix-ribbon from your project.
2020-09-15 08:42:07.588  INFO 10696 --- [main] o.s.b.a.e.web.EndpointLinksResolver      : Exposing 2 endpoint(s) beneath base path '/actuator'
2020-09-15 08:42:07.653  INFO 10696 --- [main] o.s.c.n.eureka.InstanceInfoFactory       : Setting initial instance status as: STARTING
2020-09-15 08:42:07.766  INFO 10696 --- [main] com.netflix.discovery.DiscoveryClient    : Initializing Eureka in region us-east-1
2020-09-15 08:42:08.256  INFO 10696 --- [main] c.n.d.provider.DiscoveryJerseyProvider   : Using JSON encoding codec LegacyJacksonJson
2020-09-15 08:42:08.256  INFO 10696 --- [main] c.n.d.provider.DiscoveryJerseyProvider   : Using JSON decoding codec LegacyJacksonJson
2020-09-15 08:42:08.478  INFO 10696 --- [main] c.n.d.provider.DiscoveryJerseyProvider   : Using XML encoding codec XStreamXml
2020-09-15 08:42:08.480  INFO 10696 --- [main] c.n.d.provider.DiscoveryJerseyProvider   : Using XML decoding codec XStreamXml
2020-09-15 08:42:08.793  INFO 10696 --- [main] c.n.d.s.r.aws.ConfigClusterResolver      : Resolving eureka endpoints via configuration
2020-09-15 08:42:09.018  INFO 10696 --- [main] com.netflix.discovery.DiscoveryClient    : Disable delta property : false
2020-09-15 08:42:09.018  INFO 10696 --- [main] com.netflix.discovery.DiscoveryClient    : Single vip registry refresh property : null
2020-09-15 08:42:09.019  INFO 10696 --- [main] com.netflix.discovery.DiscoveryClient    : Force full registry fetch : false
2020-09-15 08:42:09.020  INFO 10696 --- [main] com.netflix.discovery.DiscoveryClient    : Application is null : false
2020-09-15 08:42:09.020  INFO 10696 --- [main] com.netflix.discovery.DiscoveryClient    : Registered Applications size is zero : true
2020-09-15 08:42:09.020  INFO 10696 --- [main] com.netflix.discovery.DiscoveryClient    : Application version is -1: true
2020-09-15 08:42:09.021  INFO 10696 --- [main] com.netflix.discovery.DiscoveryClient    : Getting all instance registry info from the eureka server
2020-09-15 08:42:09.255  INFO 10696 --- [main] com.netflix.discovery.DiscoveryClient    : The response status is 200
2020-09-15 08:42:09.260  INFO 10696 --- [main] com.netflix.discovery.DiscoveryClient    : Starting heartbeat executor: renew interval is: 30
2020-09-15 08:42:09.266  INFO 10696 --- [main] c.n.discovery.InstanceInfoReplicator     : InstanceInfoReplicator onDemand update allowed rate per min is 4
2020-09-15 08:42:09.272  INFO 10696 --- [main] com.netflix.discovery.DiscoveryClient    : Discovery Client initialized at timestamp 1600139529270 with initial instances count: 1
2020-09-15 08:42:09.279  INFO 10696 --- [main] o.s.c.n.e.s.EurekaServiceRegistry        : Registering application EMPLOYEE-SERVICE with eureka with status UP
2020-09-15 08:42:09.280  INFO 10696 --- [main] com.netflix.discovery.DiscoveryClient    : Saw local status change event StatusChangeEvent [timestamp=1600139529280, current=UP, previous=STARTING]
2020-09-15 08:42:09.284  INFO 10696 --- [DiscoveryClient-InstanceInfoReplicator-0] com.netflix.discovery.DiscoveryClient    : DiscoveryClient_EMPLOYEE-SERVICE/DESKTOP-KLJ2H36:employee-service:8087: registering service...
2020-09-15 08:42:09.339  INFO 10696 --- [main] o.s.b.w.embedded.tomcat.TomcatWebServer  : Tomcat started on port(s): 8087 (http) with context path ''
2020-09-15 08:42:09.343  INFO 10696 --- [main] .s.c.n.e.s.EurekaAutoServiceRegistration : Updating port to 8087
2020-09-15 08:42:09.356  INFO 10696 --- [DiscoveryClient-InstanceInfoReplicator-0] com.netflix.discovery.DiscoveryClient    : DiscoveryClient_EMPLOYEE-SERVICE/DESKTOP-KLJ2H36:employee-service:8087 - registration status: 204
2020-09-15 08:42:09.683  INFO 10696 --- [main] DeferredRepositoryInitializationListener : Triggering deferred initialization of Spring Data repositories…
2020-09-15 08:42:10.147  INFO 10696 --- [main] DeferredRepositoryInitializationListener : Spring Data repositories initialized!
2020-09-15 08:42:10.179  INFO 10696 --- [main] i.p.e.EmployeeServiceApplication         : Started EmployeeServiceApplication in 19.905 seconds (JVM running for 20.525)
2020-09-15 08:47:09.026  INFO 10696 --- [AsyncResolver-bootstrap-executor-0] c.n.d.s.r.aws.ConfigClusterResolver      : Resolving eureka endpoints via configuration
2020-09-15 08:52:09.029  INFO 10696 --- [AsyncResolver-bootstrap-executor-0] c.n.d.s.r.aws.ConfigClusterResolver      : Resolving eureka endpoints via configuration
2020-09-15 08:54:15.733  INFO 10696 --- [http-nio-8087-exec-10] o.a.c.c.C.[Tomcat].[localhost].[/]       : Initializing Spring DispatcherServlet 'dispatcherServlet'
2020-09-15 08:54:15.734  INFO 10696 --- [http-nio-8087-exec-10] o.s.web.servlet.DispatcherServlet        : Initializing Servlet 'dispatcherServlet'
2020-09-15 08:54:15.890  INFO 10696 --- [http-nio-8087-exec-10] o.s.web.servlet.DispatcherServlet        : Completed initialization in 154 ms
2020-09-15 08:54:16.851  INFO 10696 --- [http-nio-8087-exec-10] i.p.e.controller.EmployeeController      : Delete All Employees with deptId ...
2020-09-15 08:54:20.892  INFO 10696 --- [http-nio-8087-exec-9] i.p.e.controller.EmployeeController      : Getting all Employees ...
2020-09-15 08:54:31.689  INFO 10696 --- [http-nio-8087-exec-8] i.p.e.controller.EmployeeController      : Getting all Employees ...
2020-09-15 08:54:51.467  INFO 10696 --- [http-nio-8087-exec-7] i.p.e.controller.EmployeeController      : Add Employee ...
2020-09-15 08:54:51.468  INFO 10696 --- [http-nio-8087-exec-7] i.p.e.controller.EmployeeController      : Getting an Employee with Id ...
2020-09-15 08:54:51.788  INFO 10696 --- [http-nio-8087-exec-5] i.p.e.controller.EmployeeController      : Getting all Employees ...
2020-09-15 08:54:59.039  INFO 10696 --- [http-nio-8087-exec-6] i.p.e.controller.EmployeeController      : Update Employee ...
2020-09-15 08:54:59.332  INFO 10696 --- [http-nio-8087-exec-4] i.p.e.controller.EmployeeController      : Getting all Employees ...
2020-09-15 08:55:06.382  INFO 10696 --- [http-nio-8087-exec-3] i.p.e.controller.EmployeeController      : Getting all Employees ...
2020-09-15 08:55:16.508  INFO 10696 --- [http-nio-8087-exec-2] i.p.e.controller.EmployeeController      : Deleting a single Employee with deptId and EmployeeId...
2020-09-15 08:55:16.784  INFO 10696 --- [http-nio-8087-exec-1] i.p.e.controller.EmployeeController      : Getting all Employees ...
2020-09-15 08:57:09.032  INFO 10696 --- [AsyncResolver-bootstrap-executor-0] c.n.d.s.r.aws.ConfigClusterResolver      : Resolving eureka endpoints via configuration
2020-09-15 09:02:09.036  INFO 10696 --- [AsyncResolver-bootstrap-executor-0] c.n.d.s.r.aws.ConfigClusterResolver      : Resolving eureka endpoints via configuration
2020-09-15 09:07:09.041  INFO 10696 --- [AsyncResolver-bootstrap-executor-0] c.n.d.s.r.aws.ConfigClusterResolver      : Resolving eureka endpoints via configuration
2020-09-15 09:12:09.044  INFO 10696 --- [AsyncResolver-bootstrap-executor-0] c.n.d.s.r.aws.ConfigClusterResolver      : Resolving eureka endpoints via configuration
2020-09-15 09:17:09.046  INFO 10696 --- [AsyncResolver-bootstrap-executor-0] c.n.d.s.r.aws.ConfigClusterResolver      : Resolving eureka endpoints via configuration
2020-09-15 09:22:09.047  INFO 10696 --- [AsyncResolver-bootstrap-executor-0] c.n.d.s.r.aws.ConfigClusterResolver      : Resolving eureka endpoints via configuration
2020-09-15 09:27:09.048  INFO 10696 --- [AsyncResolver-bootstrap-executor-0] c.n.d.s.r.aws.ConfigClusterResolver      : Resolving eureka endpoints via configuration
2020-09-15 09:32:09.051  INFO 10696 --- [AsyncResolver-bootstrap-executor-0] c.n.d.s.r.aws.ConfigClusterResolver      : Resolving eureka endpoints via configuration
2020-09-15 09:37:09.062  INFO 10696 --- [AsyncResolver-bootstrap-executor-0] c.n.d.s.r.aws.ConfigClusterResolver      : Resolving eureka endpoints via configuration
2020-09-15 09:42:09.072  INFO 10696 --- [AsyncResolver-bootstrap-executor-0] c.n.d.s.r.aws.ConfigClusterResolver      : Resolving eureka endpoints via configuration
2020-09-15 09:47:09.076  INFO 10696 --- [AsyncResolver-bootstrap-executor-0] c.n.d.s.r.aws.ConfigClusterResolver      : Resolving eureka endpoints via configuration
2020-09-15 09:52:09.079  INFO 10696 --- [AsyncResolver-bootstrap-executor-0] c.n.d.s.r.aws.ConfigClusterResolver      : Resolving eureka endpoints via configuration
2020-09-15 09:57:09.089  INFO 10696 --- [AsyncResolver-bootstrap-executor-0] c.n.d.s.r.aws.ConfigClusterResolver      : Resolving eureka endpoints via configuration
2020-09-15 10:02:09.100  INFO 10696 --- [AsyncResolver-bootstrap-executor-0] c.n.d.s.r.aws.ConfigClusterResolver      : Resolving eureka endpoints via configuration
2020-09-15 11:06:08.002  WARN 10696 --- [HikariPool-1 housekeeper] com.zaxxer.hikari.pool.HikariPool        : HikariPool-1 - Thread starvation or clock leap detected (housekeeper delta=1h2m32s644ms339µs200ns).
2020-09-15 11:09:11.741  INFO 10696 --- [AsyncResolver-bootstrap-executor-0] c.n.d.s.r.aws.ConfigClusterResolver      : Resolving eureka endpoints via configuration
2020-09-15 11:14:11.752  INFO 10696 --- [AsyncResolver-bootstrap-executor-0] c.n.d.s.r.aws.ConfigClusterResolver      : Resolving eureka endpoints via configuration
2020-09-15 11:19:11.754  INFO 10696 --- [AsyncResolver-bootstrap-executor-0] c.n.d.s.r.aws.ConfigClusterResolver      : Resolving eureka endpoints via configuration
2020-09-15 11:24:11.757  INFO 10696 --- [AsyncResolver-bootstrap-executor-0] c.n.d.s.r.aws.ConfigClusterResolver      : Resolving eureka endpoints via configuration
2020-09-15 11:29:11.759  INFO 10696 --- [AsyncResolver-bootstrap-executor-0] c.n.d.s.r.aws.ConfigClusterResolver      : Resolving eureka endpoints via configuration
2020-09-15 11:34:11.762  INFO 10696 --- [AsyncResolver-bootstrap-executor-0] c.n.d.s.r.aws.ConfigClusterResolver      : Resolving eureka endpoints via configuration
2020-09-15 11:39:11.771  INFO 10696 --- [AsyncResolver-bootstrap-executor-0] c.n.d.s.r.aws.ConfigClusterResolver      : Resolving eureka endpoints via configuration
2020-09-15 11:44:11.774  INFO 10696 --- [AsyncResolver-bootstrap-executor-0] c.n.d.s.r.aws.ConfigClusterResolver      : Resolving eureka endpoints via configuration
2020-09-15 11:49:11.777  INFO 10696 --- [AsyncResolver-bootstrap-executor-0] c.n.d.s.r.aws.ConfigClusterResolver      : Resolving eureka endpoints via configuration
2020-09-15 11:54:11.780  INFO 10696 --- [AsyncResolver-bootstrap-executor-0] c.n.d.s.r.aws.ConfigClusterResolver      : Resolving eureka endpoints via configuration
2020-09-15 11:59:11.783  INFO 10696 --- [AsyncResolver-bootstrap-executor-0] c.n.d.s.r.aws.ConfigClusterResolver      : Resolving eureka endpoints via configuration
2020-09-15 12:04:11.786  INFO 10696 --- [AsyncResolver-bootstrap-executor-0] c.n.d.s.r.aws.ConfigClusterResolver      : Resolving eureka endpoints via configuration
2020-09-15 12:09:11.790  INFO 10696 --- [AsyncResolver-bootstrap-executor-0] c.n.d.s.r.aws.ConfigClusterResolver      : Resolving eureka endpoints via configuration
2020-09-15 12:14:11.793  INFO 10696 --- [AsyncResolver-bootstrap-executor-0] c.n.d.s.r.aws.ConfigClusterResolver      : Resolving eureka endpoints via configuration
2020-09-15 12:19:11.796  INFO 10696 --- [AsyncResolver-bootstrap-executor-0] c.n.d.s.r.aws.ConfigClusterResolver      : Resolving eureka endpoints via configuration
2020-09-15 12:24:11.800  INFO 10696 --- [AsyncResolver-bootstrap-executor-0] c.n.d.s.r.aws.ConfigClusterResolver      : Resolving eureka endpoints via configuration
2020-09-15 12:29:11.802  INFO 10696 --- [AsyncResolver-bootstrap-executor-0] c.n.d.s.r.aws.ConfigClusterResolver      : Resolving eureka endpoints via configuration
2020-09-15 12:34:11.805  INFO 10696 --- [AsyncResolver-bootstrap-executor-0] c.n.d.s.r.aws.ConfigClusterResolver      : Resolving eureka endpoints via configuration
2020-09-15 12:39:11.808  INFO 10696 --- [AsyncResolver-bootstrap-executor-0] c.n.d.s.r.aws.ConfigClusterResolver      : Resolving eureka endpoints via configuration
2020-09-15 13:36:10.726  WARN 10696 --- [HikariPool-1 housekeeper] com.zaxxer.hikari.pool.HikariPool        : HikariPool-1 - Thread starvation or clock leap detected (housekeeper delta=53m2s443ms779µs500ns).
2020-09-15 13:36:44.216  INFO 10696 --- [AsyncResolver-bootstrap-executor-0] c.n.d.s.r.aws.ConfigClusterResolver      : Resolving eureka endpoints via configuration
2020-09-15 13:41:44.218  INFO 10696 --- [AsyncResolver-bootstrap-executor-0] c.n.d.s.r.aws.ConfigClusterResolver      : Resolving eureka endpoints via configuration
2020-09-15 13:46:44.222  INFO 10696 --- [AsyncResolver-bootstrap-executor-0] c.n.d.s.r.aws.ConfigClusterResolver      : Resolving eureka endpoints via configuration
2020-09-15 13:51:44.224  INFO 10696 --- [AsyncResolver-bootstrap-executor-0] c.n.d.s.r.aws.ConfigClusterResolver      : Resolving eureka endpoints via configuration
2020-09-15 13:56:44.227  INFO 10696 --- [AsyncResolver-bootstrap-executor-0] c.n.d.s.r.aws.ConfigClusterResolver      : Resolving eureka endpoints via configuration
2020-09-15 14:01:44.242  INFO 10696 --- [AsyncResolver-bootstrap-executor-0] c.n.d.s.r.aws.ConfigClusterResolver      : Resolving eureka endpoints via configuration
2020-09-15 14:06:44.244  INFO 10696 --- [AsyncResolver-bootstrap-executor-0] c.n.d.s.r.aws.ConfigClusterResolver      : Resolving eureka endpoints via configuration
2020-09-15 14:11:44.246  INFO 10696 --- [AsyncResolver-bootstrap-executor-0] c.n.d.s.r.aws.ConfigClusterResolver      : Resolving eureka endpoints via configuration
2020-09-15 14:16:44.249  INFO 10696 --- [AsyncResolver-bootstrap-executor-0] c.n.d.s.r.aws.ConfigClusterResolver      : Resolving eureka endpoints via configuration
2020-09-15 14:21:44.253  INFO 10696 --- [AsyncResolver-bootstrap-executor-0] c.n.d.s.r.aws.ConfigClusterResolver      : Resolving eureka endpoints via configuration
2020-09-15 14:26:44.255  INFO 10696 --- [AsyncResolver-bootstrap-executor-0] c.n.d.s.r.aws.ConfigClusterResolver      : Resolving eureka endpoints via configuration
2020-09-15 14:31:44.259  INFO 10696 --- [AsyncResolver-bootstrap-executor-0] c.n.d.s.r.aws.ConfigClusterResolver      : Resolving eureka endpoints via configuration
2020-09-15 14:36:44.261  INFO 10696 --- [AsyncResolver-bootstrap-executor-0] c.n.d.s.r.aws.ConfigClusterResolver      : Resolving eureka endpoints via configuration
2020-09-15 15:20:28.983  WARN 10696 --- [HikariPool-1 housekeeper] com.zaxxer.hikari.pool.HikariPool        : HikariPool-1 - Thread starvation or clock leap detected (housekeeper delta=42m48s78ms240µs300ns).
2020-09-15 15:24:02.336  INFO 10696 --- [AsyncResolver-bootstrap-executor-0] c.n.d.s.r.aws.ConfigClusterResolver      : Resolving eureka endpoints via configuration
2020-09-15 15:29:02.339  INFO 10696 --- [AsyncResolver-bootstrap-executor-0] c.n.d.s.r.aws.ConfigClusterResolver      : Resolving eureka endpoints via configuration
2020-09-15 15:34:02.341  INFO 10696 --- [AsyncResolver-bootstrap-executor-0] c.n.d.s.r.aws.ConfigClusterResolver      : Resolving eureka endpoints via configuration
2020-09-15 15:39:02.344  INFO 10696 --- [AsyncResolver-bootstrap-executor-0] c.n.d.s.r.aws.ConfigClusterResolver      : Resolving eureka endpoints via configuration
2020-09-15 15:44:02.347  INFO 10696 --- [AsyncResolver-bootstrap-executor-0] c.n.d.s.r.aws.ConfigClusterResolver      : Resolving eureka endpoints via configuration
2020-09-15 15:49:02.351  INFO 10696 --- [AsyncResolver-bootstrap-executor-0] c.n.d.s.r.aws.ConfigClusterResolver      : Resolving eureka endpoints via configuration
2020-09-15 15:54:02.354  INFO 10696 --- [AsyncResolver-bootstrap-executor-0] c.n.d.s.r.aws.ConfigClusterResolver      : Resolving eureka endpoints via configuration
2020-09-15 15:59:02.356  INFO 10696 --- [AsyncResolver-bootstrap-executor-0] c.n.d.s.r.aws.ConfigClusterResolver      : Resolving eureka endpoints via configuration
2020-09-15 16:04:02.359  INFO 10696 --- [AsyncResolver-bootstrap-executor-0] c.n.d.s.r.aws.ConfigClusterResolver      : Resolving eureka endpoints via configuration
2020-09-15 16:09:02.362  INFO 10696 --- [AsyncResolver-bootstrap-executor-0] c.n.d.s.r.aws.ConfigClusterResolver      : Resolving eureka endpoints via configuration
2020-09-15 16:14:02.365  INFO 10696 --- [AsyncResolver-bootstrap-executor-0] c.n.d.s.r.aws.ConfigClusterResolver      : Resolving eureka endpoints via configuration
2020-09-15 16:19:02.368  INFO 10696 --- [AsyncResolver-bootstrap-executor-0] c.n.d.s.r.aws.ConfigClusterResolver      : Resolving eureka endpoints via configuration
2020-09-15 16:24:02.371  INFO 10696 --- [AsyncResolver-bootstrap-executor-0] c.n.d.s.r.aws.ConfigClusterResolver      : Resolving eureka endpoints via configuration
2020-09-15 16:29:02.381  INFO 10696 --- [AsyncResolver-bootstrap-executor-0] c.n.d.s.r.aws.ConfigClusterResolver      : Resolving eureka endpoints via configuration
2020-09-15 16:34:02.384  INFO 10696 --- [AsyncResolver-bootstrap-executor-0] c.n.d.s.r.aws.ConfigClusterResolver      : Resolving eureka endpoints via configuration
2020-09-15 16:39:02.388  INFO 10696 --- [AsyncResolver-bootstrap-executor-0] c.n.d.s.r.aws.ConfigClusterResolver      : Resolving eureka endpoints via configuration
2020-09-15 16:44:02.390  INFO 10696 --- [AsyncResolver-bootstrap-executor-0] c.n.d.s.r.aws.ConfigClusterResolver      : Resolving eureka endpoints via configuration
2020-09-15 16:49:02.393  INFO 10696 --- [AsyncResolver-bootstrap-executor-0] c.n.d.s.r.aws.ConfigClusterResolver      : Resolving eureka endpoints via configuration
2020-09-15 16:54:02.397  INFO 10696 --- [AsyncResolver-bootstrap-executor-0] c.n.d.s.r.aws.ConfigClusterResolver      : Resolving eureka endpoints via configuration
2020-09-15 16:59:02.399  INFO 10696 --- [AsyncResolver-bootstrap-executor-0] c.n.d.s.r.aws.ConfigClusterResolver      : Resolving eureka endpoints via configuration
2020-09-15 17:03:41.774  WARN 10696 --- [HikariPool-1 housekeeper] com.zaxxer.hikari.pool.HikariPool        : HikariPool-1 - Thread starvation or clock leap detected (housekeeper delta=1m12s464ms603µs700ns).
2020-09-15 17:04:44.862  INFO 10696 --- [AsyncResolver-bootstrap-executor-0] c.n.d.s.r.aws.ConfigClusterResolver      : Resolving eureka endpoints via configuration
2020-09-15 17:09:44.862  INFO 10696 --- [AsyncResolver-bootstrap-executor-0] c.n.d.s.r.aws.ConfigClusterResolver      : Resolving eureka endpoints via configuration
2020-09-15 17:14:44.865  INFO 10696 --- [AsyncResolver-bootstrap-executor-0] c.n.d.s.r.aws.ConfigClusterResolver      : Resolving eureka endpoints via configuration
2020-09-15 17:19:44.868  INFO 10696 --- [AsyncResolver-bootstrap-executor-0] c.n.d.s.r.aws.ConfigClusterResolver      : Resolving eureka endpoints via configuration
2020-09-15 17:24:44.871  INFO 10696 --- [AsyncResolver-bootstrap-executor-0] c.n.d.s.r.aws.ConfigClusterResolver      : Resolving eureka endpoints via configuration
2020-09-15 17:29:44.882  INFO 10696 --- [AsyncResolver-bootstrap-executor-0] c.n.d.s.r.aws.ConfigClusterResolver      : Resolving eureka endpoints via configuration
2020-09-15 17:34:44.884  INFO 10696 --- [AsyncResolver-bootstrap-executor-0] c.n.d.s.r.aws.ConfigClusterResolver      : Resolving eureka endpoints via configuration
2020-09-15 17:39:44.887  INFO 10696 --- [AsyncResolver-bootstrap-executor-0] c.n.d.s.r.aws.ConfigClusterResolver      : Resolving eureka endpoints via configuration
2020-09-15 18:28:50.618  INFO 11536 --- [main] c.c.c.ConfigServicePropertySourceLocator : Fetching config from server at : http://localhost:8888
2020-09-15 18:28:57.685  INFO 11536 --- [main] c.c.c.ConfigServicePropertySourceLocator : Located environment: name=employee-service, profiles=[default], label=null, version=3891cb6d7a884832829f31cd5038f7012fa31843, state=null
2020-09-15 18:28:57.690  INFO 11536 --- [main] b.c.PropertySourceBootstrapConfiguration : Located property source: [BootstrapPropertySource {name='bootstrapProperties-configClient'}, BootstrapPropertySource {name='bootstrapProperties-https://github.com/PRATHYUSHA0805/PrathyushaGitRepoMVC/application.properties'}, BootstrapPropertySource {name='bootstrapProperties-https://github.com/PRATHYUSHA0805/PrathyushaGitRepoMVC/application.yml'}]
2020-09-15 18:28:57.784  INFO 11536 --- [main] i.p.e.EmployeeServiceApplication         : No active profile set, falling back to default profiles: default
2020-09-15 18:28:59.056  INFO 11536 --- [main] .s.d.r.c.RepositoryConfigurationDelegate : Bootstrapping Spring Data JPA repositories in DEFERRED mode.
2020-09-15 18:28:59.313  INFO 11536 --- [main] .s.d.r.c.RepositoryConfigurationDelegate : Finished Spring Data repository scanning in 247ms. Found 1 JPA repository interfaces.
2020-09-15 18:28:59.459  WARN 11536 --- [main] o.s.boot.actuate.endpoint.EndpointId     : Endpoint ID 'service-registry' contains invalid characters, please migrate to a valid format.
2020-09-15 18:28:59.664  INFO 11536 --- [main] o.s.cloud.context.scope.GenericScope     : BeanFactory id=a52bb2fa-f259-325b-8bf2-6a2deb7afd2c
2020-09-15 18:29:00.602  INFO 11536 --- [main] o.s.b.w.embedded.tomcat.TomcatWebServer  : Tomcat initialized with port(s): 8087 (http)
2020-09-15 18:29:00.620  INFO 11536 --- [main] o.apache.catalina.core.StandardService   : Starting service [Tomcat]
2020-09-15 18:29:00.622  INFO 11536 --- [main] org.apache.catalina.core.StandardEngine  : Starting Servlet engine: [Apache Tomcat/9.0.37]
2020-09-15 18:29:00.832  INFO 11536 --- [main] o.a.c.c.C.[Tomcat].[localhost].[/]       : Initializing Spring embedded WebApplicationContext
2020-09-15 18:29:00.833  INFO 11536 --- [main] w.s.c.ServletWebServerApplicationContext : Root WebApplicationContext: initialization completed in 2977 ms
2020-09-15 18:29:00.987  WARN 11536 --- [main] c.n.c.sources.URLConfigurationSource     : No URLs will be polled as dynamic configuration sources.
2020-09-15 18:29:00.987  INFO 11536 --- [main] c.n.c.sources.URLConfigurationSource     : To enable URLs as dynamic configuration sources, define System property archaius.configurationSource.additionalUrls or make config.properties available on classpath.
2020-09-15 18:29:01.013  INFO 11536 --- [main] c.netflix.config.DynamicPropertyFactory  : DynamicPropertyFactory is initialized with configuration sources: com.netflix.config.ConcurrentCompositeConfiguration@76ff68c5
2020-09-15 18:29:01.315  INFO 11536 --- [main] o.s.s.concurrent.ThreadPoolTaskExecutor  : Initializing ExecutorService 'applicationTaskExecutor'
2020-09-15 18:29:01.443  INFO 11536 --- [task-1] o.hibernate.jpa.internal.util.LogHelper  : HHH000204: Processing PersistenceUnitInfo [name: default]
2020-09-15 18:29:01.614  INFO 11536 --- [task-1] org.hibernate.Version                    : HHH000412: Hibernate ORM core version 5.4.20.Final
2020-09-15 18:29:01.645  WARN 11536 --- [main] c.n.c.sources.URLConfigurationSource     : No URLs will be polled as dynamic configuration sources.
2020-09-15 18:29:01.647  INFO 11536 --- [main] c.n.c.sources.URLConfigurationSource     : To enable URLs as dynamic configuration sources, define System property archaius.configurationSource.additionalUrls or make config.properties available on classpath.
2020-09-15 18:29:01.747  WARN 11536 --- [main] JpaBaseConfiguration$JpaWebConfiguration : spring.jpa.open-in-view is enabled by default. Therefore, database queries may be performed during view rendering. Explicitly configure spring.jpa.open-in-view to disable this warning
2020-09-15 18:29:01.985  INFO 11536 --- [task-1] o.hibernate.annotations.common.Version   : HCANN000001: Hibernate Commons Annotations {5.1.0.Final}
2020-09-15 18:29:02.207  INFO 11536 --- [task-1] com.zaxxer.hikari.HikariDataSource       : HikariPool-1 - Starting...
2020-09-15 18:29:02.216  WARN 11536 --- [task-1] com.zaxxer.hikari.util.DriverDataSource  : Registered driver with driverClassName=com.mysql.jdbc.Driver was not found, trying direct instantiation.
2020-09-15 18:29:02.512  INFO 11536 --- [task-1] com.zaxxer.hikari.HikariDataSource       : HikariPool-1 - Start completed.
2020-09-15 18:29:02.550  INFO 11536 --- [task-1] org.hibernate.dialect.Dialect            : HHH000400: Using dialect: org.hibernate.dialect.MySQL5Dialect
2020-09-15 18:29:04.496  INFO 11536 --- [task-1] o.h.e.t.j.p.i.JtaPlatformInitiator       : HHH000490: Using JtaPlatform implementation: [org.hibernate.engine.transaction.jta.platform.internal.NoJtaPlatform]
2020-09-15 18:29:04.504  INFO 11536 --- [task-1] j.LocalContainerEntityManagerFactoryBean : Initialized JPA EntityManagerFactory for persistence unit 'default'
2020-09-15 18:29:05.253  WARN 11536 --- [main] ockingLoadBalancerClientRibbonWarnLogger : You already have RibbonLoadBalancerClient on your classpath. It will be used by default. As Spring Cloud Ribbon is in maintenance mode. We recommend switching to BlockingLoadBalancerClient instead. In order to use it, set the value of `spring.cloud.loadbalancer.ribbon.enabled` to `false` or remove spring-cloud-starter-netflix-ribbon from your project.
2020-09-15 18:29:05.417  INFO 11536 --- [main] o.s.b.a.e.web.EndpointLinksResolver      : Exposing 2 endpoint(s) beneath base path '/actuator'
2020-09-15 18:29:05.495  INFO 11536 --- [main] o.s.c.n.eureka.InstanceInfoFactory       : Setting initial instance status as: STARTING
2020-09-15 18:29:05.666  INFO 11536 --- [main] com.netflix.discovery.DiscoveryClient    : Initializing Eureka in region us-east-1
2020-09-15 18:29:06.347  INFO 11536 --- [main] c.n.d.provider.DiscoveryJerseyProvider   : Using JSON encoding codec LegacyJacksonJson
2020-09-15 18:29:06.348  INFO 11536 --- [main] c.n.d.provider.DiscoveryJerseyProvider   : Using JSON decoding codec LegacyJacksonJson
2020-09-15 18:29:06.615  INFO 11536 --- [main] c.n.d.provider.DiscoveryJerseyProvider   : Using XML encoding codec XStreamXml
2020-09-15 18:29:06.617  INFO 11536 --- [main] c.n.d.provider.DiscoveryJerseyProvider   : Using XML decoding codec XStreamXml
2020-09-15 18:29:07.066  INFO 11536 --- [main] c.n.d.s.r.aws.ConfigClusterResolver      : Resolving eureka endpoints via configuration
2020-09-15 18:29:07.385  INFO 11536 --- [main] com.netflix.discovery.DiscoveryClient    : Disable delta property : false
2020-09-15 18:29:07.386  INFO 11536 --- [main] com.netflix.discovery.DiscoveryClient    : Single vip registry refresh property : null
2020-09-15 18:29:07.386  INFO 11536 --- [main] com.netflix.discovery.DiscoveryClient    : Force full registry fetch : false
2020-09-15 18:29:07.386  INFO 11536 --- [main] com.netflix.discovery.DiscoveryClient    : Application is null : false
2020-09-15 18:29:07.387  INFO 11536 --- [main] com.netflix.discovery.DiscoveryClient    : Registered Applications size is zero : true
2020-09-15 18:29:07.387  INFO 11536 --- [main] com.netflix.discovery.DiscoveryClient    : Application version is -1: true
2020-09-15 18:29:07.387  INFO 11536 --- [main] com.netflix.discovery.DiscoveryClient    : Getting all instance registry info from the eureka server
2020-09-15 18:29:07.632  INFO 11536 --- [main] com.netflix.discovery.DiscoveryClient    : The response status is 200
2020-09-15 18:29:07.636  INFO 11536 --- [main] com.netflix.discovery.DiscoveryClient    : Starting heartbeat executor: renew interval is: 30
2020-09-15 18:29:07.640  INFO 11536 --- [main] c.n.discovery.InstanceInfoReplicator     : InstanceInfoReplicator onDemand update allowed rate per min is 4
2020-09-15 18:29:07.646  INFO 11536 --- [main] com.netflix.discovery.DiscoveryClient    : Discovery Client initialized at timestamp 1600174747644 with initial instances count: 1
2020-09-15 18:29:07.651  INFO 11536 --- [main] o.s.c.n.e.s.EurekaServiceRegistry        : Registering application EMPLOYEE-SERVICE with eureka with status UP
2020-09-15 18:29:07.653  INFO 11536 --- [main] com.netflix.discovery.DiscoveryClient    : Saw local status change event StatusChangeEvent [timestamp=1600174747653, current=UP, previous=STARTING]
2020-09-15 18:29:07.656  INFO 11536 --- [DiscoveryClient-InstanceInfoReplicator-0] com.netflix.discovery.DiscoveryClient    : DiscoveryClient_EMPLOYEE-SERVICE/DESKTOP-KLJ2H36:employee-service:8087: registering service...
2020-09-15 18:29:07.696  INFO 11536 --- [main] o.s.b.w.embedded.tomcat.TomcatWebServer  : Tomcat started on port(s): 8087 (http) with context path ''
2020-09-15 18:29:07.701  INFO 11536 --- [main] .s.c.n.e.s.EurekaAutoServiceRegistration : Updating port to 8087
2020-09-15 18:29:07.713  INFO 11536 --- [DiscoveryClient-InstanceInfoReplicator-0] com.netflix.discovery.DiscoveryClient    : DiscoveryClient_EMPLOYEE-SERVICE/DESKTOP-KLJ2H36:employee-service:8087 - registration status: 204
2020-09-15 18:29:08.068  INFO 11536 --- [main] DeferredRepositoryInitializationListener : Triggering deferred initialization of Spring Data repositories…
2020-09-15 18:29:08.469  INFO 11536 --- [main] DeferredRepositoryInitializationListener : Spring Data repositories initialized!
2020-09-15 18:29:08.501  INFO 11536 --- [main] i.p.e.EmployeeServiceApplication         : Started EmployeeServiceApplication in 19.526 seconds (JVM running for 20.157)
2020-09-15 18:34:07.391  INFO 11536 --- [AsyncResolver-bootstrap-executor-0] c.n.d.s.r.aws.ConfigClusterResolver      : Resolving eureka endpoints via configuration
2020-09-15 18:36:13.289  INFO 1844 --- [main] c.c.c.ConfigServicePropertySourceLocator : Fetching config from server at : http://localhost:8888
2020-09-15 18:36:17.191  INFO 1844 --- [main] c.c.c.ConfigServicePropertySourceLocator : Located environment: name=employee-service, profiles=[default], label=null, version=3891cb6d7a884832829f31cd5038f7012fa31843, state=null
2020-09-15 18:36:17.193  INFO 1844 --- [main] b.c.PropertySourceBootstrapConfiguration : Located property source: [BootstrapPropertySource {name='bootstrapProperties-configClient'}, BootstrapPropertySource {name='bootstrapProperties-https://github.com/PRATHYUSHA0805/PrathyushaGitRepoMVC/application.properties'}, BootstrapPropertySource {name='bootstrapProperties-https://github.com/PRATHYUSHA0805/PrathyushaGitRepoMVC/application.yml'}]
2020-09-15 18:36:17.255  INFO 1844 --- [main] i.p.e.EmployeeServiceApplication         : No active profile set, falling back to default profiles: default
2020-09-15 18:36:18.287  INFO 1844 --- [main] .s.d.r.c.RepositoryConfigurationDelegate : Bootstrapping Spring Data JPA repositories in DEFERRED mode.
2020-09-15 18:36:18.517  INFO 1844 --- [main] .s.d.r.c.RepositoryConfigurationDelegate : Finished Spring Data repository scanning in 220ms. Found 1 JPA repository interfaces.
2020-09-15 18:36:18.694  WARN 1844 --- [main] o.s.boot.actuate.endpoint.EndpointId     : Endpoint ID 'service-registry' contains invalid characters, please migrate to a valid format.
2020-09-15 18:36:18.948  INFO 1844 --- [main] o.s.cloud.context.scope.GenericScope     : BeanFactory id=a52bb2fa-f259-325b-8bf2-6a2deb7afd2c
2020-09-15 18:36:20.099  INFO 1844 --- [main] o.s.b.w.embedded.tomcat.TomcatWebServer  : Tomcat initialized with port(s): 8087 (http)
2020-09-15 18:36:20.115  INFO 1844 --- [main] o.apache.catalina.core.StandardService   : Starting service [Tomcat]
2020-09-15 18:36:20.116  INFO 1844 --- [main] org.apache.catalina.core.StandardEngine  : Starting Servlet engine: [Apache Tomcat/9.0.37]
2020-09-15 18:36:20.302  INFO 1844 --- [main] o.a.c.c.C.[Tomcat].[localhost].[/]       : Initializing Spring embedded WebApplicationContext
2020-09-15 18:36:20.304  INFO 1844 --- [main] w.s.c.ServletWebServerApplicationContext : Root WebApplicationContext: initialization completed in 3021 ms
2020-09-15 18:36:20.486  WARN 1844 --- [main] c.n.c.sources.URLConfigurationSource     : No URLs will be polled as dynamic configuration sources.
2020-09-15 18:36:20.486  INFO 1844 --- [main] c.n.c.sources.URLConfigurationSource     : To enable URLs as dynamic configuration sources, define System property archaius.configurationSource.additionalUrls or make config.properties available on classpath.
2020-09-15 18:36:20.510  INFO 1844 --- [main] c.netflix.config.DynamicPropertyFactory  : DynamicPropertyFactory is initialized with configuration sources: com.netflix.config.ConcurrentCompositeConfiguration@4d7a64ca
2020-09-15 18:36:20.851  INFO 1844 --- [main] o.s.s.concurrent.ThreadPoolTaskExecutor  : Initializing ExecutorService 'applicationTaskExecutor'
2020-09-15 18:36:20.961  INFO 1844 --- [task-1] o.hibernate.jpa.internal.util.LogHelper  : HHH000204: Processing PersistenceUnitInfo [name: default]
2020-09-15 18:36:21.168  WARN 1844 --- [main] c.n.c.sources.URLConfigurationSource     : No URLs will be polled as dynamic configuration sources.
2020-09-15 18:36:21.171  INFO 1844 --- [main] c.n.c.sources.URLConfigurationSource     : To enable URLs as dynamic configuration sources, define System property archaius.configurationSource.additionalUrls or make config.properties available on classpath.
2020-09-15 18:36:21.217  INFO 1844 --- [task-1] org.hibernate.Version                    : HHH000412: Hibernate ORM core version 5.4.20.Final
2020-09-15 18:36:21.324  WARN 1844 --- [main] JpaBaseConfiguration$JpaWebConfiguration : spring.jpa.open-in-view is enabled by default. Therefore, database queries may be performed during view rendering. Explicitly configure spring.jpa.open-in-view to disable this warning
2020-09-15 18:36:21.612  INFO 1844 --- [task-1] o.hibernate.annotations.common.Version   : HCANN000001: Hibernate Commons Annotations {5.1.0.Final}
2020-09-15 18:36:21.833  INFO 1844 --- [task-1] com.zaxxer.hikari.HikariDataSource       : HikariPool-1 - Starting...
2020-09-15 18:36:21.848  WARN 1844 --- [task-1] com.zaxxer.hikari.util.DriverDataSource  : Registered driver with driverClassName=com.mysql.jdbc.Driver was not found, trying direct instantiation.
2020-09-15 18:36:22.174  INFO 1844 --- [task-1] com.zaxxer.hikari.HikariDataSource       : HikariPool-1 - Start completed.
2020-09-15 18:36:22.213  INFO 1844 --- [task-1] org.hibernate.dialect.Dialect            : HHH000400: Using dialect: org.hibernate.dialect.MySQL5Dialect
2020-09-15 18:36:23.621  INFO 1844 --- [task-1] o.h.e.t.j.p.i.JtaPlatformInitiator       : HHH000490: Using JtaPlatform implementation: [org.hibernate.engine.transaction.jta.platform.internal.NoJtaPlatform]
2020-09-15 18:36:23.632  INFO 1844 --- [task-1] j.LocalContainerEntityManagerFactoryBean : Initialized JPA EntityManagerFactory for persistence unit 'default'
2020-09-15 18:36:24.124  WARN 1844 --- [main] ockingLoadBalancerClientRibbonWarnLogger : You already have RibbonLoadBalancerClient on your classpath. It will be used by default. As Spring Cloud Ribbon is in maintenance mode. We recommend switching to BlockingLoadBalancerClient instead. In order to use it, set the value of `spring.cloud.loadbalancer.ribbon.enabled` to `false` or remove spring-cloud-starter-netflix-ribbon from your project.
2020-09-15 18:36:24.208  INFO 1844 --- [main] o.s.b.a.e.web.EndpointLinksResolver      : Exposing 2 endpoint(s) beneath base path '/actuator'
2020-09-15 18:36:24.272  INFO 1844 --- [main] o.s.c.n.eureka.InstanceInfoFactory       : Setting initial instance status as: STARTING
2020-09-15 18:36:24.374  INFO 1844 --- [main] com.netflix.discovery.DiscoveryClient    : Initializing Eureka in region us-east-1
2020-09-15 18:36:24.910  INFO 1844 --- [main] c.n.d.provider.DiscoveryJerseyProvider   : Using JSON encoding codec LegacyJacksonJson
2020-09-15 18:36:24.910  INFO 1844 --- [main] c.n.d.provider.DiscoveryJerseyProvider   : Using JSON decoding codec LegacyJacksonJson
2020-09-15 18:36:25.108  INFO 1844 --- [main] c.n.d.provider.DiscoveryJerseyProvider   : Using XML encoding codec XStreamXml
2020-09-15 18:36:25.108  INFO 1844 --- [main] c.n.d.provider.DiscoveryJerseyProvider   : Using XML decoding codec XStreamXml
2020-09-15 18:36:25.381  INFO 1844 --- [main] c.n.d.s.r.aws.ConfigClusterResolver      : Resolving eureka endpoints via configuration
2020-09-15 18:36:25.545  INFO 1844 --- [main] com.netflix.discovery.DiscoveryClient    : Disable delta property : false
2020-09-15 18:36:25.546  INFO 1844 --- [main] com.netflix.discovery.DiscoveryClient    : Single vip registry refresh property : null
2020-09-15 18:36:25.546  INFO 1844 --- [main] com.netflix.discovery.DiscoveryClient    : Force full registry fetch : false
2020-09-15 18:36:25.547  INFO 1844 --- [main] com.netflix.discovery.DiscoveryClient    : Application is null : false
2020-09-15 18:36:25.547  INFO 1844 --- [main] com.netflix.discovery.DiscoveryClient    : Registered Applications size is zero : true
2020-09-15 18:36:25.547  INFO 1844 --- [main] com.netflix.discovery.DiscoveryClient    : Application version is -1: true
2020-09-15 18:36:25.547  INFO 1844 --- [main] com.netflix.discovery.DiscoveryClient    : Getting all instance registry info from the eureka server
2020-09-15 18:36:25.725  INFO 1844 --- [main] com.netflix.discovery.DiscoveryClient    : The response status is 200
2020-09-15 18:36:25.730  INFO 1844 --- [main] com.netflix.discovery.DiscoveryClient    : Starting heartbeat executor: renew interval is: 30
2020-09-15 18:36:25.735  INFO 1844 --- [main] c.n.discovery.InstanceInfoReplicator     : InstanceInfoReplicator onDemand update allowed rate per min is 4
2020-09-15 18:36:25.740  INFO 1844 --- [main] com.netflix.discovery.DiscoveryClient    : Discovery Client initialized at timestamp 1600175185739 with initial instances count: 5
2020-09-15 18:36:25.744  INFO 1844 --- [main] o.s.c.n.e.s.EurekaServiceRegistry        : Registering application EMPLOYEE-SERVICE with eureka with status UP
2020-09-15 18:36:25.744  INFO 1844 --- [main] com.netflix.discovery.DiscoveryClient    : Saw local status change event StatusChangeEvent [timestamp=1600175185744, current=UP, previous=STARTING]
2020-09-15 18:36:25.748  INFO 1844 --- [DiscoveryClient-InstanceInfoReplicator-0] com.netflix.discovery.DiscoveryClient    : DiscoveryClient_EMPLOYEE-SERVICE/DESKTOP-KLJ2H36:employee-service:8087: registering service...
2020-09-15 18:36:25.797  INFO 1844 --- [main] o.s.b.w.embedded.tomcat.TomcatWebServer  : Tomcat started on port(s): 8087 (http) with context path ''
2020-09-15 18:36:25.802  INFO 1844 --- [DiscoveryClient-InstanceInfoReplicator-0] com.netflix.discovery.DiscoveryClient    : DiscoveryClient_EMPLOYEE-SERVICE/DESKTOP-KLJ2H36:employee-service:8087 - registration status: 204
2020-09-15 18:36:25.802  INFO 1844 --- [main] .s.c.n.e.s.EurekaAutoServiceRegistration : Updating port to 8087
2020-09-15 18:36:26.072  INFO 1844 --- [main] DeferredRepositoryInitializationListener : Triggering deferred initialization of Spring Data repositories…
2020-09-15 18:36:26.470  INFO 1844 --- [main] DeferredRepositoryInitializationListener : Spring Data repositories initialized!
2020-09-15 18:36:26.494  INFO 1844 --- [main] i.p.e.EmployeeServiceApplication         : Started EmployeeServiceApplication in 14.838 seconds (JVM running for 15.405)
2020-09-15 18:41:25.550  INFO 1844 --- [AsyncResolver-bootstrap-executor-0] c.n.d.s.r.aws.ConfigClusterResolver      : Resolving eureka endpoints via configuration
2020-09-15 18:46:25.555  INFO 1844 --- [AsyncResolver-bootstrap-executor-0] c.n.d.s.r.aws.ConfigClusterResolver      : Resolving eureka endpoints via configuration
2020-09-15 18:50:42.934  INFO 6368 --- [main] c.c.c.ConfigServicePropertySourceLocator : Fetching config from server at : http://localhost:8888
2020-09-15 18:50:59.215  INFO 6368 --- [main] c.c.c.ConfigServicePropertySourceLocator : Located environment: name=employee-service, profiles=[default], label=null, version=3891cb6d7a884832829f31cd5038f7012fa31843, state=null
2020-09-15 18:50:59.222  INFO 6368 --- [main] b.c.PropertySourceBootstrapConfiguration : Located property source: [BootstrapPropertySource {name='bootstrapProperties-configClient'}, BootstrapPropertySource {name='bootstrapProperties-https://github.com/PRATHYUSHA0805/PrathyushaGitRepoMVC/application.properties'}, BootstrapPropertySource {name='bootstrapProperties-https://github.com/PRATHYUSHA0805/PrathyushaGitRepoMVC/application.yml'}]
2020-09-15 18:50:59.383  INFO 6368 --- [main] i.p.e.EmployeeServiceApplication         : No active profile set, falling back to default profiles: default
2020-09-15 18:51:01.648  INFO 6368 --- [main] .s.d.r.c.RepositoryConfigurationDelegate : Bootstrapping Spring Data JPA repositories in DEFERRED mode.
2020-09-15 18:51:01.983  INFO 6368 --- [main] .s.d.r.c.RepositoryConfigurationDelegate : Finished Spring Data repository scanning in 319ms. Found 1 JPA repository interfaces.
2020-09-15 18:51:02.245  WARN 6368 --- [main] o.s.boot.actuate.endpoint.EndpointId     : Endpoint ID 'service-registry' contains invalid characters, please migrate to a valid format.
2020-09-15 18:51:02.572  INFO 6368 --- [main] o.s.cloud.context.scope.GenericScope     : BeanFactory id=a52bb2fa-f259-325b-8bf2-6a2deb7afd2c
2020-09-15 18:51:03.828  INFO 6368 --- [main] o.s.b.w.embedded.tomcat.TomcatWebServer  : Tomcat initialized with port(s): 8087 (http)
2020-09-15 18:51:03.846  INFO 6368 --- [main] o.apache.catalina.core.StandardService   : Starting service [Tomcat]
2020-09-15 18:51:03.846  INFO 6368 --- [main] org.apache.catalina.core.StandardEngine  : Starting Servlet engine: [Apache Tomcat/9.0.37]
2020-09-15 18:51:04.071  INFO 6368 --- [main] o.a.c.c.C.[Tomcat].[localhost].[/]       : Initializing Spring embedded WebApplicationContext
2020-09-15 18:51:04.074  INFO 6368 --- [main] w.s.c.ServletWebServerApplicationContext : Root WebApplicationContext: initialization completed in 4607 ms
2020-09-15 18:51:04.277  WARN 6368 --- [main] c.n.c.sources.URLConfigurationSource     : No URLs will be polled as dynamic configuration sources.
2020-09-15 18:51:04.277  INFO 6368 --- [main] c.n.c.sources.URLConfigurationSource     : To enable URLs as dynamic configuration sources, define System property archaius.configurationSource.additionalUrls or make config.properties available on classpath.
2020-09-15 18:51:04.336  INFO 6368 --- [main] c.netflix.config.DynamicPropertyFactory  : DynamicPropertyFactory is initialized with configuration sources: com.netflix.config.ConcurrentCompositeConfiguration@5099c59b
2020-09-15 18:51:04.737  INFO 6368 --- [main] o.s.s.concurrent.ThreadPoolTaskExecutor  : Initializing ExecutorService 'applicationTaskExecutor'
2020-09-15 18:51:04.846  INFO 6368 --- [task-1] o.hibernate.jpa.internal.util.LogHelper  : HHH000204: Processing PersistenceUnitInfo [name: default]
2020-09-15 18:51:05.019  INFO 6368 --- [task-1] org.hibernate.Version                    : HHH000412: Hibernate ORM core version 5.4.20.Final
2020-09-15 18:51:05.140  WARN 6368 --- [main] c.n.c.sources.URLConfigurationSource     : No URLs will be polled as dynamic configuration sources.
2020-09-15 18:51:05.142  INFO 6368 --- [main] c.n.c.sources.URLConfigurationSource     : To enable URLs as dynamic configuration sources, define System property archaius.configurationSource.additionalUrls or make config.properties available on classpath.
2020-09-15 18:51:05.290  WARN 6368 --- [main] JpaBaseConfiguration$JpaWebConfiguration : spring.jpa.open-in-view is enabled by default. Therefore, database queries may be performed during view rendering. Explicitly configure spring.jpa.open-in-view to disable this warning
2020-09-15 18:51:05.499  INFO 6368 --- [task-1] o.hibernate.annotations.common.Version   : HCANN000001: Hibernate Commons Annotations {5.1.0.Final}
2020-09-15 18:51:05.791  INFO 6368 --- [task-1] com.zaxxer.hikari.HikariDataSource       : HikariPool-1 - Starting...
2020-09-15 18:51:05.805  WARN 6368 --- [task-1] com.zaxxer.hikari.util.DriverDataSource  : Registered driver with driverClassName=com.mysql.jdbc.Driver was not found, trying direct instantiation.
2020-09-15 18:51:06.218  INFO 6368 --- [task-1] com.zaxxer.hikari.HikariDataSource       : HikariPool-1 - Start completed.
2020-09-15 18:51:06.273  INFO 6368 --- [task-1] org.hibernate.dialect.Dialect            : HHH000400: Using dialect: org.hibernate.dialect.MySQL5Dialect
2020-09-15 18:51:08.193  INFO 6368 --- [task-1] o.h.e.t.j.p.i.JtaPlatformInitiator       : HHH000490: Using JtaPlatform implementation: [org.hibernate.engine.transaction.jta.platform.internal.NoJtaPlatform]
2020-09-15 18:51:08.212  INFO 6368 --- [task-1] j.LocalContainerEntityManagerFactoryBean : Initialized JPA EntityManagerFactory for persistence unit 'default'
2020-09-15 18:51:08.862  WARN 6368 --- [main] ockingLoadBalancerClientRibbonWarnLogger : You already have RibbonLoadBalancerClient on your classpath. It will be used by default. As Spring Cloud Ribbon is in maintenance mode. We recommend switching to BlockingLoadBalancerClient instead. In order to use it, set the value of `spring.cloud.loadbalancer.ribbon.enabled` to `false` or remove spring-cloud-starter-netflix-ribbon from your project.
2020-09-15 18:51:08.970  INFO 6368 --- [main] o.s.b.a.e.web.EndpointLinksResolver      : Exposing 2 endpoint(s) beneath base path '/actuator'
2020-09-15 18:51:09.059  INFO 6368 --- [main] o.s.c.n.eureka.InstanceInfoFactory       : Setting initial instance status as: STARTING
2020-09-15 18:51:09.206  INFO 6368 --- [main] com.netflix.discovery.DiscoveryClient    : Initializing Eureka in region us-east-1
2020-09-15 18:51:09.884  INFO 6368 --- [main] c.n.d.provider.DiscoveryJerseyProvider   : Using JSON encoding codec LegacyJacksonJson
2020-09-15 18:51:09.885  INFO 6368 --- [main] c.n.d.provider.DiscoveryJerseyProvider   : Using JSON decoding codec LegacyJacksonJson
2020-09-15 18:51:10.158  INFO 6368 --- [main] c.n.d.provider.DiscoveryJerseyProvider   : Using XML encoding codec XStreamXml
2020-09-15 18:51:10.159  INFO 6368 --- [main] c.n.d.provider.DiscoveryJerseyProvider   : Using XML decoding codec XStreamXml
2020-09-15 18:51:10.523  INFO 6368 --- [main] c.n.d.s.r.aws.ConfigClusterResolver      : Resolving eureka endpoints via configuration
2020-09-15 18:51:10.833  INFO 6368 --- [main] com.netflix.discovery.DiscoveryClient    : Disable delta property : false
2020-09-15 18:51:10.834  INFO 6368 --- [main] com.netflix.discovery.DiscoveryClient    : Single vip registry refresh property : null
2020-09-15 18:51:10.834  INFO 6368 --- [main] com.netflix.discovery.DiscoveryClient    : Force full registry fetch : false
2020-09-15 18:51:10.834  INFO 6368 --- [main] com.netflix.discovery.DiscoveryClient    : Application is null : false
2020-09-15 18:51:10.835  INFO 6368 --- [main] com.netflix.discovery.DiscoveryClient    : Registered Applications size is zero : true
2020-09-15 18:51:10.835  INFO 6368 --- [main] com.netflix.discovery.DiscoveryClient    : Application version is -1: true
2020-09-15 18:51:10.836  INFO 6368 --- [main] com.netflix.discovery.DiscoveryClient    : Getting all instance registry info from the eureka server
2020-09-15 18:51:11.067  INFO 6368 --- [main] com.netflix.discovery.DiscoveryClient    : The response status is 200
2020-09-15 18:51:11.071  INFO 6368 --- [main] com.netflix.discovery.DiscoveryClient    : Starting heartbeat executor: renew interval is: 30
2020-09-15 18:51:11.076  INFO 6368 --- [main] c.n.discovery.InstanceInfoReplicator     : InstanceInfoReplicator onDemand update allowed rate per min is 4
2020-09-15 18:51:11.082  INFO 6368 --- [main] com.netflix.discovery.DiscoveryClient    : Discovery Client initialized at timestamp 1600176071080 with initial instances count: 1
2020-09-15 18:51:11.093  INFO 6368 --- [main] o.s.c.n.e.s.EurekaServiceRegistry        : Registering application EMPLOYEE-SERVICE with eureka with status UP
2020-09-15 18:51:11.094  INFO 6368 --- [main] com.netflix.discovery.DiscoveryClient    : Saw local status change event StatusChangeEvent [timestamp=1600176071094, current=UP, previous=STARTING]
2020-09-15 18:51:11.098  INFO 6368 --- [DiscoveryClient-InstanceInfoReplicator-0] com.netflix.discovery.DiscoveryClient    : DiscoveryClient_EMPLOYEE-SERVICE/DESKTOP-KLJ2H36:employee-service:8087: registering service...
2020-09-15 18:51:11.212  INFO 6368 --- [DiscoveryClient-InstanceInfoReplicator-0] com.netflix.discovery.DiscoveryClient    : DiscoveryClient_EMPLOYEE-SERVICE/DESKTOP-KLJ2H36:employee-service:8087 - registration status: 204
2020-09-15 18:51:11.213  INFO 6368 --- [main] o.s.b.w.embedded.tomcat.TomcatWebServer  : Tomcat started on port(s): 8087 (http) with context path ''
2020-09-15 18:51:11.217  INFO 6368 --- [main] .s.c.n.e.s.EurekaAutoServiceRegistration : Updating port to 8087
2020-09-15 18:51:11.623  INFO 6368 --- [main] DeferredRepositoryInitializationListener : Triggering deferred initialization of Spring Data repositories…
2020-09-15 18:51:12.151  INFO 6368 --- [main] DeferredRepositoryInitializationListener : Spring Data repositories initialized!
2020-09-15 18:51:12.179  INFO 6368 --- [main] i.p.e.EmployeeServiceApplication         : Started EmployeeServiceApplication in 35.524 seconds (JVM running for 37.555)
2020-09-15 18:54:56.249  INFO 6368 --- [http-nio-8087-exec-10] o.a.c.c.C.[Tomcat].[localhost].[/]       : Initializing Spring DispatcherServlet 'dispatcherServlet'
2020-09-15 18:54:56.250  INFO 6368 --- [http-nio-8087-exec-10] o.s.web.servlet.DispatcherServlet        : Initializing Servlet 'dispatcherServlet'
2020-09-15 18:54:56.601  INFO 6368 --- [http-nio-8087-exec-10] o.s.web.servlet.DispatcherServlet        : Completed initialization in 351 ms
2020-09-15 18:56:10.838  INFO 6368 --- [AsyncResolver-bootstrap-executor-0] c.n.d.s.r.aws.ConfigClusterResolver      : Resolving eureka endpoints via configuration
2020-09-15 19:32:55.583  WARN 6368 --- [HikariPool-1 housekeeper] com.zaxxer.hikari.pool.HikariPool        : HikariPool-1 - Thread starvation or clock leap detected (housekeeper delta=35m19s245ms602µs100ns).
2020-09-15 19:36:00.082  INFO 6368 --- [AsyncResolver-bootstrap-executor-0] c.n.d.s.r.aws.ConfigClusterResolver      : Resolving eureka endpoints via configuration
2020-09-15 19:41:00.085  INFO 6368 --- [AsyncResolver-bootstrap-executor-0] c.n.d.s.r.aws.ConfigClusterResolver      : Resolving eureka endpoints via configuration
2020-09-15 19:46:00.087  INFO 6368 --- [AsyncResolver-bootstrap-executor-0] c.n.d.s.r.aws.ConfigClusterResolver      : Resolving eureka endpoints via configuration
2020-09-15 19:51:00.089  INFO 6368 --- [AsyncResolver-bootstrap-executor-0] c.n.d.s.r.aws.ConfigClusterResolver      : Resolving eureka endpoints via configuration
2020-09-15 19:56:00.091  INFO 6368 --- [AsyncResolver-bootstrap-executor-0] c.n.d.s.r.aws.ConfigClusterResolver      : Resolving eureka endpoints via configuration
2020-09-15 20:01:00.094  INFO 6368 --- [AsyncResolver-bootstrap-executor-0] c.n.d.s.r.aws.ConfigClusterResolver      : Resolving eureka endpoints via configuration
2020-09-15 20:33:18.627  WARN 6368 --- [HikariPool-1 housekeeper] com.zaxxer.hikari.pool.HikariPool        : HikariPool-1 - Thread starvation or clock leap detected (housekeeper delta=28m52s948ms926µs500ns).
2020-09-15 20:34:22.870  INFO 6368 --- [AsyncResolver-bootstrap-executor-0] c.n.d.s.r.aws.ConfigClusterResolver      : Resolving eureka endpoints via configuration
2020-09-15 20:39:22.872  INFO 6368 --- [AsyncResolver-bootstrap-executor-0] c.n.d.s.r.aws.ConfigClusterResolver      : Resolving eureka endpoints via configuration
2020-09-15 20:44:22.876  INFO 6368 --- [AsyncResolver-bootstrap-executor-0] c.n.d.s.r.aws.ConfigClusterResolver      : Resolving eureka endpoints via configuration
2020-09-15 20:49:22.879  INFO 6368 --- [AsyncResolver-bootstrap-executor-0] c.n.d.s.r.aws.ConfigClusterResolver      : Resolving eureka endpoints via configuration
2020-09-15 21:19:43.411  WARN 6368 --- [HikariPool-1 housekeeper] com.zaxxer.hikari.pool.HikariPool        : HikariPool-1 - Thread starvation or clock leap detected (housekeeper delta=26m24s720ms633µs100ns).
2020-09-15 21:20:17.598  INFO 6368 --- [AsyncResolver-bootstrap-executor-0] c.n.d.s.r.aws.ConfigClusterResolver      : Resolving eureka endpoints via configuration
2020-09-15 21:25:17.602  INFO 6368 --- [AsyncResolver-bootstrap-executor-0] c.n.d.s.r.aws.ConfigClusterResolver      : Resolving eureka endpoints via configuration
2020-09-15 21:30:13.195  INFO 1872 --- [main] c.c.c.ConfigServicePropertySourceLocator : Fetching config from server at : http://localhost:8888
2020-09-15 21:30:22.816  INFO 1872 --- [main] c.c.c.ConfigServicePropertySourceLocator : Located environment: name=employee-service, profiles=[default], label=null, version=3891cb6d7a884832829f31cd5038f7012fa31843, state=null
2020-09-15 21:30:22.819  INFO 1872 --- [main] b.c.PropertySourceBootstrapConfiguration : Located property source: [BootstrapPropertySource {name='bootstrapProperties-configClient'}, BootstrapPropertySource {name='bootstrapProperties-https://github.com/PRATHYUSHA0805/PrathyushaGitRepoMVC/application.properties'}, BootstrapPropertySource {name='bootstrapProperties-https://github.com/PRATHYUSHA0805/PrathyushaGitRepoMVC/application.yml'}]
2020-09-15 21:30:22.879  INFO 1872 --- [main] i.p.e.EmployeeServiceApplication         : No active profile set, falling back to default profiles: default
2020-09-15 21:30:24.002  INFO 1872 --- [main] .s.d.r.c.RepositoryConfigurationDelegate : Bootstrapping Spring Data JPA repositories in DEFERRED mode.
2020-09-15 21:30:24.240  INFO 1872 --- [main] .s.d.r.c.RepositoryConfigurationDelegate : Finished Spring Data repository scanning in 229ms. Found 1 JPA repository interfaces.
2020-09-15 21:30:24.436  WARN 1872 --- [main] o.s.boot.actuate.endpoint.EndpointId     : Endpoint ID 'service-registry' contains invalid characters, please migrate to a valid format.
2020-09-15 21:30:24.644  INFO 1872 --- [main] o.s.cloud.context.scope.GenericScope     : BeanFactory id=6a61e862-b1d6-38eb-a0ee-f50969907519
2020-09-15 21:30:25.551  INFO 1872 --- [main] o.s.b.w.embedded.tomcat.TomcatWebServer  : Tomcat initialized with port(s): 8087 (http)
2020-09-15 21:30:25.568  INFO 1872 --- [main] o.apache.catalina.core.StandardService   : Starting service [Tomcat]
2020-09-15 21:30:25.568  INFO 1872 --- [main] org.apache.catalina.core.StandardEngine  : Starting Servlet engine: [Apache Tomcat/9.0.37]
2020-09-15 21:30:25.769  INFO 1872 --- [main] o.a.c.c.C.[Tomcat].[localhost].[/]       : Initializing Spring embedded WebApplicationContext
2020-09-15 21:30:25.770  INFO 1872 --- [main] w.s.c.ServletWebServerApplicationContext : Root WebApplicationContext: initialization completed in 2858 ms
2020-09-15 21:30:25.921  WARN 1872 --- [main] c.n.c.sources.URLConfigurationSource     : No URLs will be polled as dynamic configuration sources.
2020-09-15 21:30:25.921  INFO 1872 --- [main] c.n.c.sources.URLConfigurationSource     : To enable URLs as dynamic configuration sources, define System property archaius.configurationSource.additionalUrls or make config.properties available on classpath.
2020-09-15 21:30:25.943  INFO 1872 --- [main] c.netflix.config.DynamicPropertyFactory  : DynamicPropertyFactory is initialized with configuration sources: com.netflix.config.ConcurrentCompositeConfiguration@1da1380b
2020-09-15 21:30:26.258  INFO 1872 --- [main] o.s.s.concurrent.ThreadPoolTaskExecutor  : Initializing ExecutorService 'applicationTaskExecutor'
2020-09-15 21:30:26.344  INFO 1872 --- [task-1] o.hibernate.jpa.internal.util.LogHelper  : HHH000204: Processing PersistenceUnitInfo [name: default]
2020-09-15 21:30:26.505  INFO 1872 --- [task-1] org.hibernate.Version                    : HHH000412: Hibernate ORM core version 5.4.20.Final
2020-09-15 21:30:26.576  WARN 1872 --- [main] c.n.c.sources.URLConfigurationSource     : No URLs will be polled as dynamic configuration sources.
2020-09-15 21:30:26.576  INFO 1872 --- [main] c.n.c.sources.URLConfigurationSource     : To enable URLs as dynamic configuration sources, define System property archaius.configurationSource.additionalUrls or make config.properties available on classpath.
2020-09-15 21:30:26.676  WARN 1872 --- [main] JpaBaseConfiguration$JpaWebConfiguration : spring.jpa.open-in-view is enabled by default. Therefore, database queries may be performed during view rendering. Explicitly configure spring.jpa.open-in-view to disable this warning
2020-09-15 21:30:26.868  INFO 1872 --- [task-1] o.hibernate.annotations.common.Version   : HCANN000001: Hibernate Commons Annotations {5.1.0.Final}
2020-09-15 21:30:27.085  INFO 1872 --- [task-1] com.zaxxer.hikari.HikariDataSource       : HikariPool-1 - Starting...
2020-09-15 21:30:27.096  WARN 1872 --- [task-1] com.zaxxer.hikari.util.DriverDataSource  : Registered driver with driverClassName=com.mysql.jdbc.Driver was not found, trying direct instantiation.
2020-09-15 21:30:27.438  INFO 1872 --- [task-1] com.zaxxer.hikari.HikariDataSource       : HikariPool-1 - Start completed.
2020-09-15 21:30:27.473  INFO 1872 --- [task-1] org.hibernate.dialect.Dialect            : HHH000400: Using dialect: org.hibernate.dialect.MySQL5Dialect
2020-09-15 21:30:28.926  INFO 1872 --- [task-1] o.h.e.t.j.p.i.JtaPlatformInitiator       : HHH000490: Using JtaPlatform implementation: [org.hibernate.engine.transaction.jta.platform.internal.NoJtaPlatform]
2020-09-15 21:30:28.935  INFO 1872 --- [task-1] j.LocalContainerEntityManagerFactoryBean : Initialized JPA EntityManagerFactory for persistence unit 'default'
2020-09-15 21:30:29.417  WARN 1872 --- [main] ockingLoadBalancerClientRibbonWarnLogger : You already have RibbonLoadBalancerClient on your classpath. It will be used by default. As Spring Cloud Ribbon is in maintenance mode. We recommend switching to BlockingLoadBalancerClient instead. In order to use it, set the value of `spring.cloud.loadbalancer.ribbon.enabled` to `false` or remove spring-cloud-starter-netflix-ribbon from your project.
2020-09-15 21:30:29.503  INFO 1872 --- [main] o.s.b.a.e.web.EndpointLinksResolver      : Exposing 2 endpoint(s) beneath base path '/actuator'
2020-09-15 21:30:29.555  INFO 1872 --- [main] o.s.c.n.eureka.InstanceInfoFactory       : Setting initial instance status as: STARTING
2020-09-15 21:30:29.686  INFO 1872 --- [main] com.netflix.discovery.DiscoveryClient    : Initializing Eureka in region us-east-1
2020-09-15 21:30:30.198  INFO 1872 --- [main] c.n.d.provider.DiscoveryJerseyProvider   : Using JSON encoding codec LegacyJacksonJson
2020-09-15 21:30:30.200  INFO 1872 --- [main] c.n.d.provider.DiscoveryJerseyProvider   : Using JSON decoding codec LegacyJacksonJson
2020-09-15 21:30:30.418  INFO 1872 --- [main] c.n.d.provider.DiscoveryJerseyProvider   : Using XML encoding codec XStreamXml
2020-09-15 21:30:30.418  INFO 1872 --- [main] c.n.d.provider.DiscoveryJerseyProvider   : Using XML decoding codec XStreamXml
2020-09-15 21:30:30.694  INFO 1872 --- [main] c.n.d.s.r.aws.ConfigClusterResolver      : Resolving eureka endpoints via configuration
2020-09-15 21:30:30.898  INFO 1872 --- [main] com.netflix.discovery.DiscoveryClient    : Disable delta property : false
2020-09-15 21:30:30.898  INFO 1872 --- [main] com.netflix.discovery.DiscoveryClient    : Single vip registry refresh property : null
2020-09-15 21:30:30.898  INFO 1872 --- [main] com.netflix.discovery.DiscoveryClient    : Force full registry fetch : false
2020-09-15 21:30:30.898  INFO 1872 --- [main] com.netflix.discovery.DiscoveryClient    : Application is null : false
2020-09-15 21:30:30.899  INFO 1872 --- [main] com.netflix.discovery.DiscoveryClient    : Registered Applications size is zero : true
2020-09-15 21:30:30.899  INFO 1872 --- [main] com.netflix.discovery.DiscoveryClient    : Application version is -1: true
2020-09-15 21:30:30.899  INFO 1872 --- [main] com.netflix.discovery.DiscoveryClient    : Getting all instance registry info from the eureka server
2020-09-15 21:30:31.065  INFO 1872 --- [main] com.netflix.discovery.DiscoveryClient    : The response status is 200
2020-09-15 21:30:31.069  INFO 1872 --- [main] com.netflix.discovery.DiscoveryClient    : Starting heartbeat executor: renew interval is: 30
2020-09-15 21:30:31.073  INFO 1872 --- [main] c.n.discovery.InstanceInfoReplicator     : InstanceInfoReplicator onDemand update allowed rate per min is 4
2020-09-15 21:30:31.078  INFO 1872 --- [main] com.netflix.discovery.DiscoveryClient    : Discovery Client initialized at timestamp 1600185631076 with initial instances count: 5
2020-09-15 21:30:31.081  INFO 1872 --- [main] o.s.c.n.e.s.EurekaServiceRegistry        : Registering application EMPLOYEE-SERVICE with eureka with status UP
2020-09-15 21:30:31.081  INFO 1872 --- [main] com.netflix.discovery.DiscoveryClient    : Saw local status change event StatusChangeEvent [timestamp=1600185631081, current=UP, previous=STARTING]
2020-09-15 21:30:31.084  INFO 1872 --- [DiscoveryClient-InstanceInfoReplicator-0] com.netflix.discovery.DiscoveryClient    : DiscoveryClient_EMPLOYEE-SERVICE/DESKTOP-KLJ2H36:employee-service:8087: registering service...
2020-09-15 21:30:31.130  INFO 1872 --- [DiscoveryClient-InstanceInfoReplicator-0] com.netflix.discovery.DiscoveryClient    : DiscoveryClient_EMPLOYEE-SERVICE/DESKTOP-KLJ2H36:employee-service:8087 - registration status: 204
2020-09-15 21:30:31.131  INFO 1872 --- [main] o.s.b.w.embedded.tomcat.TomcatWebServer  : Tomcat started on port(s): 8087 (http) with context path ''
2020-09-15 21:30:31.134  INFO 1872 --- [main] .s.c.n.e.s.EurekaAutoServiceRegistration : Updating port to 8087
2020-09-15 21:30:31.359  INFO 1872 --- [main] DeferredRepositoryInitializationListener : Triggering deferred initialization of Spring Data repositories…
2020-09-15 21:30:31.711  INFO 1872 --- [main] DeferredRepositoryInitializationListener : Spring Data repositories initialized!
2020-09-15 21:30:31.744  INFO 1872 --- [main] i.p.e.EmployeeServiceApplication         : Started EmployeeServiceApplication in 20.26 seconds (JVM running for 20.845)
2020-09-15 21:32:37.511  INFO 1872 --- [http-nio-8087-exec-1] o.a.c.c.C.[Tomcat].[localhost].[/]       : Initializing Spring DispatcherServlet 'dispatcherServlet'
2020-09-15 21:32:37.511  INFO 1872 --- [http-nio-8087-exec-1] o.s.web.servlet.DispatcherServlet        : Initializing Servlet 'dispatcherServlet'
2020-09-15 21:32:37.526  INFO 1872 --- [http-nio-8087-exec-1] o.s.web.servlet.DispatcherServlet        : Completed initialization in 15 ms
2020-09-15 21:35:30.904  INFO 1872 --- [AsyncResolver-bootstrap-executor-0] c.n.d.s.r.aws.ConfigClusterResolver      : Resolving eureka endpoints via configuration
2020-09-15 21:40:30.910  INFO 1872 --- [AsyncResolver-bootstrap-executor-0] c.n.d.s.r.aws.ConfigClusterResolver      : Resolving eureka endpoints via configuration
2020-09-15 21:45:30.913  INFO 1872 --- [AsyncResolver-bootstrap-executor-0] c.n.d.s.r.aws.ConfigClusterResolver      : Resolving eureka endpoints via configuration
